C51 COMPILER V9.54   MIAN                                                                  11/21/2015 16:07:22 PAGE 1   


C51 COMPILER V9.54, COMPILATION OF MODULE MIAN
OBJECT MODULE PLACED IN mian.OBJ
COMPILER INVOKED BY: D:\Keil_v5\C51\BIN\C51.EXE mian.c OPTIMIZE(8,SPEED) BROWSE DEBUG OBJECTEXTEND TABS(2)

line level    source

   1                     /*---------------------------------------------------------------------*/
   2          /* --- STC MCU Limited ------------------------------------------------*/
   3          /* --- STC15F4K60S4 系列 IO测试举例------------------------------------*/
   4          /* --- Mobile: (86)13922805190 ----------------------------------------*/
   5          /* --- Fax: 86-0513-55012956,55012947,55012969 ------------------------*/
   6          /* --- Tel: 86-0513-55012928,55012929,55012966-------------------------*/
   7          /* --- Web: www.STCMCU.com --------------------------------------------*/
   8          /* --- Web: www.GXWMCU.com --------------------------------------------*/
   9          /* 如果要在程序中使用此代码,请在程序中注明使用了STC的资料及程序        */
  10          /* 如果要在文章中应用此代码,请在文章中注明使用了STC的资料及程序        */
  11          /*---------------------------------------------------------------------*/
  12          
  13          //本示例在Keil开发环境下请选择Intel的8058芯片型号进行编译
  14          //若无特别说明,工作频率一般为11.0592MHz
  15          
  16          
  17          #include "reg51.h"
  18          
  19          sfr P0M1 = 0x93;
  20          sfr P0M0 = 0x94;
  21          sfr P1M1 = 0x91;
  22          sfr P1M0 = 0x92;
  23          sfr P2M1 = 0x95;
  24          sfr P2M0 = 0x96;
  25          sfr P3M1 = 0xb1;
  26          sfr P3M0 = 0xb2;
  27          sfr P4M1 = 0xb3;
  28          sfr P4M0 = 0xb4;
  29          sfr P5M1 = 0xC9;
  30          sfr P5M0 = 0xCA;
  31          sfr P6M1 = 0xCB;
  32          sfr P6M0 = 0xCC;
  33          sfr P7M1 = 0xE1;
  34          sfr P7M0 = 0xE2;
  35          
  36          sbit P00 = P0^0;
  37          sbit P01 = P0^1;
  38          sbit P02 = P0^2;
  39          sbit P03 = P0^3;
  40          sbit P04 = P0^4;
  41          sbit P05 = P0^5;
  42          sbit P06 = P0^6;
  43          sbit P07 = P0^7;
  44          sbit P10 = P1^0;
  45          sbit P11 = P1^1;
  46          sbit P12 = P1^2;
  47          sbit P13 = P1^3;
  48          sbit P14 = P1^4;
  49          sbit P15 = P1^5;
  50          sbit P16 = P1^6;
  51          sbit P17 = P1^7;
  52          sbit P20 = P2^0;
  53          sbit P21 = P2^1;
  54          sbit P22 = P2^2;
  55          sbit P23 = P2^3;
C51 COMPILER V9.54   MIAN                                                                  11/21/2015 16:07:22 PAGE 2   

  56          sbit P24 = P2^4;
  57          sbit P25 = P2^5;
  58          sbit P26 = P2^6;
  59          sbit P27 = P2^7;
  60          sbit P30 = P3^0;
  61          sbit P31 = P3^1;
  62          sbit P32 = P3^2;
  63          sbit P33 = P3^3;
  64          sbit P34 = P3^4;
  65          sbit P35 = P3^5;
  66          sbit P36 = P3^6;
  67          sbit P37 = P3^7;
  68          
  69          sfr P4   = 0xC0;
  70          sbit P40 = P4^0;
  71          sbit P41 = P4^1;
  72          sbit P42 = P4^2;
  73          sbit P43 = P4^3;
  74          sbit P44 = P4^4;
  75          sbit P45 = P4^5;
  76          sbit P46 = P4^6;
  77          sbit P47 = P4^7;
  78          
  79          sfr P5   = 0xC8;
  80          sbit P50 = P5^0;
  81          sbit P51 = P5^1;
  82          sbit P52 = P5^2;
  83          sbit P53 = P5^3;
  84          sbit P54 = P5^4;
  85          sbit P55 = P5^5;
  86          sbit P56 = P5^6;
  87          sbit P57 = P5^7;
  88          
  89          sfr P6   = 0xE8;
  90          sbit P60 = P6^0;
  91          sbit P61 = P6^1;
  92          sbit P62 = P6^2;
  93          sbit P63 = P6^3;
  94          sbit P64 = P6^4;
  95          sbit P65 = P6^5;
  96          sbit P66 = P6^6;
  97          sbit P67 = P6^7;
  98          
  99          sfr P7   = 0xF8;
 100          sbit P70 = P7^0;
 101          sbit P71 = P7^1;
 102          sbit P72 = P7^2;
 103          sbit P73 = P7^3;
 104          sbit P74 = P7^4;
 105          sbit P75 = P7^5;
 106          sbit P76 = P7^6;
 107          sbit P77 = P7^7;
 108          
 109          void delay()
 110          {
 111   1          int i, j;
 112   1      
 113   1          for (i=0; i<1000; i++)
 114   1          for (j=0; j<500; j++);
 115   1      }
 116          
 117          
C51 COMPILER V9.54   MIAN                                                                  11/21/2015 16:07:22 PAGE 3   

 118          void main()
 119          {
 120   1          P0M0 = 0x00;
 121   1          P0M1 = 0x00;
 122   1          P1M0 = 0x00;
 123   1          P1M1 = 0x00;
 124   1          P2M0 = 0x00;
 125   1          P2M1 = 0x00;
 126   1          P3M0 = 0x00;
 127   1          P3M1 = 0x00;
 128   1          P4M0 = 0x00;
 129   1          P4M1 = 0x00;
 130   1          P5M0 = 0x00;
 131   1          P5M1 = 0x00;
 132   1          P6M0 = 0x00;
 133   1          P6M1 = 0x00;
 134   1          P7M0 = 0x00;
 135   1          P7M1 = 0x00;
 136   1        while(1){
 137   2            P36=0;
 138   2            delay();
 139   2            P36=1;
 140   2            delay();
 141   2        }
 142   1      }
 143          


MODULE INFORMATION:   STATIC OVERLAYABLE
   CODE SIZE        =     74    ----
   CONSTANT SIZE    =   ----    ----
   XDATA SIZE       =   ----    ----
   PDATA SIZE       =   ----    ----
   DATA SIZE        =   ----    ----
   IDATA SIZE       =   ----    ----
   BIT SIZE         =   ----    ----
END OF MODULE INFORMATION.


C51 COMPILATION COMPLETE.  0 WARNING(S),  0 ERROR(S)
