C51 COMPILER V9.54   MAIN                                                                  12/23/2015 21:47:31 PAGE 1   


C51 COMPILER V9.54, COMPILATION OF MODULE MAIN
OBJECT MODULE PLACED IN .\Objects\main.obj
COMPILER INVOKED BY: D:\Keil_v5\C51\BIN\C51.EXE main.c OPTIMIZE(8,SPEED) BROWSE DEBUG OBJECTEXTEND PRINT(.\Listings\main
                    -.lst) TABS(2) OBJECT(.\Objects\main.obj)

line level    source

   1          #include"main.h"
   2          
   3          
   4          
   5          
   6          void main(void)
   7          {
   8   1          init_Uart();  
   9   1          Uart1SendString("test!\n");
  10   1          Uart3SendString("test!\n"); 
  11   1          Uart4SendString("test!\n");
  12   1      }


MODULE INFORMATION:   STATIC OVERLAYABLE
   CODE SIZE        =     30    ----
   CONSTANT SIZE    =      7    ----
   XDATA SIZE       =   ----    ----
   PDATA SIZE       =   ----    ----
   DATA SIZE        =   ----    ----
   IDATA SIZE       =   ----    ----
   BIT SIZE         =   ----    ----
END OF MODULE INFORMATION.


C51 COMPILATION COMPLETE.  0 WARNING(S),  0 ERROR(S)
