C51 COMPILER V9.54   UART                                                                  12/23/2015 21:47:31 PAGE 1   


C51 COMPILER V9.54, COMPILATION OF MODULE UART
OBJECT MODULE PLACED IN .\Objects\uart.obj
COMPILER INVOKED BY: D:\Keil_v5\C51\BIN\C51.EXE uart.c OPTIMIZE(8,SPEED) BROWSE DEBUG OBJECTEXTEND PRINT(.\Listings\uart
                    -.lst) TABS(2) OBJECT(.\Objects\uart.obj)

line level    source

   1          #include"uart.h"
   2          
   3          
   4           bit Uart4busy;
   5           bit Uart1busy;
   6           bit Uart3busy;
   7          
   8          
   9          /*****************************************/
  10          /* 串口1、4初始化                          */
  11          /* 程序功能：串口1、4初始化                */
  12          /* 入口参数:无                           */
  13          /* 出口参数:无                           */
  14          /*****************************************/
  15          void init_Uart()
  16            {
  17   1          P_SW2 &= ~S4_S0;            //S4_S0=0 (P0.2/RxD4, P0.3/TxD4)
  18   1          ACC = P_SW1;
  19   1          ACC &= ~(S1_S0 | S1_S1);    //S1_S0=0 S1_S1=0
  20   1          P_SW1 = ACC;                //(P3.0/RxD, P3.1/TxD)
  21   1          SCON = 0x50;                //1010000
  22   1          S3CON = 0x10;
  23   1          S4CON = 0x10;               //10000
  24   1          T2L = (65536 - (FOSC/4/BAUD));   //设置波特率重装值
  25   1          T2H = (65536 - (FOSC/4/BAUD))>>8;
  26   1          AUXR = 0x14;                //T2为1T模式, 并启动定时器2 10100
  27   1          AUXR |= 0x01;               //选择定时器2为串口1的波特率发生器
  28   1          ES = 1;                     //使能串口1中断
  29   1          IE2 = 0x18;                 //使能串口3,4中断
  30   1          EA = 1;
  31   1      }
  32            
  33          
  34          /*----------------------------
  35          UART1 中断服务程序
  36          -----------------------------*/
  37          void Uart1_ISR() interrupt 4 using 1
  38          {
  39   1        EA=0;
  40   1          if (RI)
  41   1          {
  42   2              RI = 0;                 //清除RI位
  43   2          }
  44   1          if (TI)
  45   1          {
  46   2              TI = 0;                 //清除TI位
  47   2              Uart1busy = 0;               //清忙标志
  48   2          }
  49   1        EA=1;
  50   1      }
  51          
  52          
  53          
  54          /*----------------------------
C51 COMPILER V9.54   UART                                                                  12/23/2015 21:47:31 PAGE 2   

  55          UART3 中断服务程序
  56          -----------------------------*/
  57          void Uart3_ISR() interrupt 17 using 1
  58          {
  59   1        EA =0;
  60   1          if (S3CON & 0x01 )
  61   1          {
  62   2              S3CON &= ~0x01;         //清除S3RI位  
  63   2          }
  64   1          if (S3CON & 0x02)
  65   1          {
  66   2              S3CON &= ~0x02;         //清除S3TI位
  67   2              Uart3busy = 0;               //清忙标志
  68   2          }
  69   1          EA = 1;
  70   1      }
  71          
  72          
  73          /*----------------------------
  74          UART4 中断服务程序
  75          -----------------------------*/
  76          void Uart4_ISR() interrupt 18 using 1
  77          {
  78   1        unsigned char dat;
  79   1        EA=0;
  80   1            if (S4CON & S4RI)
  81   1          {
  82   2              dat = S4BUF;
  83   2              S4CON &= ~S4RI;                                               //串口接收中断标记需软件清零
  84   2          }
  85   1              
  86   1          if (S4CON & S4TI)
  87   1          {
  88   2            S4CON&= ~S4TI;
  89   2            Uart4busy=0;
  90   2          }
  91   1        EA=1;
  92   1      }
  93          
  94          
  95          
  96          
  97          
  98          
  99          /*----------------------------
 100          发送串口数据
 101          ----------------------------*/
 102          void Uart1SendData(unsigned char dat)
 103          {
 104   1          while (Uart1busy);               //等待前面的数据发送完成
 105   1          Uart1busy = 1;
 106   1          SBUF = dat;                 //写数据到UART数据寄存器
 107   1      }
 108          
 109          /*----------------------------
 110          发送字符串
 111          ----------------------------*/
 112          void Uart1SendString(char *s)
 113          {
 114   1          while (*s)                  //检测字符串结束标志
 115   1          {
 116   2              Uart1SendData(*s++);         //发送当前字符
C51 COMPILER V9.54   UART                                                                  12/23/2015 21:47:31 PAGE 3   

 117   2          }
 118   1      }
 119          /*----------------------------
 120          串口3发送串口数据
 121          ----------------------------*/
 122          
 123          void Uart3SendData( unsigned char dat )
 124          {
 125   1          while (Uart3busy);          
 126   1          Uart3busy = 1;
 127   1          S3BUF = dat;               
 128   1      }
 129          
 130          /*----------------------------
 131          串口3发送字符串
 132          ----------------------------*/
 133          
 134          void Uart3SendString(char *s)
 135          {
 136   1          while (*s)               
 137   1          {
 138   2              Uart3SendData(*s++);        
 139   2          }
 140   1      }
 141          
 142          
 143          
 144          
 145          /*----------------------------
 146          串口4发送数据
 147          ----------------------------*/
 148          void Uart4SendData(unsigned char Udat)
 149          {
 150   1        while(Uart4busy);
 151   1        ACC = Udat;
 152   1        Uart4busy=1;
 153   1        S4BUF = ACC;
 154   1      }
 155          
 156          
 157          void Uart4SendString(char *s)
 158          {
 159   1          while (*s)                 
 160   1          {
 161   2               Uart4SendData(*s++);         
 162   2          }
 163   1      }
 164          
 165          
 166          
 167          
 168          
 169          
 170          
 171          
 172          
 173          
 174          
 175          
 176          
 177          
 178          
C51 COMPILER V9.54   UART                                                                  12/23/2015 21:47:31 PAGE 4   

 179          
 180          
 181          
 182          
 183          
 184          
 185          
 186          
 187          
 188          
 189          
 190          
 191          
 192            
 193          
 194          
 195          
 196          
 197          
 198          
 199          
 200          
 201          
 202          
 203          
 204          
 205          
 206          
 207          
 208          
 209          
 210          
 211          
 212          
 213          
 214          
 215          
 216          
 217          
 218          
 219          
 220          
 221          
 222          


MODULE INFORMATION:   STATIC OVERLAYABLE
   CODE SIZE        =    248    ----
   CONSTANT SIZE    =   ----    ----
   XDATA SIZE       =   ----    ----
   PDATA SIZE       =   ----    ----
   DATA SIZE        =   ----      10
   IDATA SIZE       =   ----    ----
   BIT SIZE         =      3    ----
END OF MODULE INFORMATION.


C51 COMPILATION COMPLETE.  0 WARNING(S),  0 ERROR(S)
