C51 COMPILER V9.54   BLUETOOTH_U7                                                          11/22/2015 12:42:19 PAGE 1   


C51 COMPILER V9.54, COMPILATION OF MODULE BLUETOOTH_U7
OBJECT MODULE PLACED IN .\Objects\bluetooth_U7.obj
COMPILER INVOKED BY: D:\Keil_v5\C51\BIN\C51.EXE bluetooth_U7.c OPTIMIZE(8,SPEED) BROWSE DEBUG OBJECTEXTEND PRINT(.\Listi
                    -ngs\bluetooth_U7.lst) TABS(2) OBJECT(.\Objects\bluetooth_U7.obj)

line level    source

   1          #include "reg51.h"
   2          #include "intrins.h"
   3          
   4          typedef unsigned char BYTE;
   5          typedef unsigned int WORD;
   6          
   7          #define FOSC 22118400L          //系统频率
   8          #define BAUD 115200             //串口波特率
   9          
  10          #define NONE_PARITY     0       //无校验
  11          #define ODD_PARITY      1       //奇校验
  12          #define EVEN_PARITY     2       //偶校验
  13          #define MARK_PARITY     3       //标记校验
  14          #define SPACE_PARITY    4       //空白校验
  15          
  16          #define PARITYBIT NONE_PARITY   //定义校验位
  17          
  18          sfr AUXR  = 0x8e;               //辅助寄存器
  19          sfr S3CON = 0xac;               //UART3 控制寄存器
  20          sfr S3BUF = 0xad;               //UART3 数据寄存器
  21          sfr T2H   = 0xd6;               //定时器2高8位
  22          sfr T2L   = 0xd7;               //定时器2低8位
  23          sfr IE2   = 0xaf;               //中断控制寄存器2
  24          sbit P36 = P3^6;
  25          
  26          #define S3RI  0x01              //S3CON.0
  27          #define S3TI  0x02              //S3CON.1
  28          #define S3RB8 0x04              //S3CON.2
  29          #define S3TB8 0x08              //S3CON.3
  30          
  31          sfr P_SW2   = 0xBA;             //外设功能切换寄存器2
  32          #define S3_S0 0x02              //P_SW2.1
  33          
  34          bit busy;
  35          
  36          //void SendData(BYTE dat);
  37          //void SendString(char *s);
  38          //void delay();
  39          void UartInit(void);
  40          void Delay1000ms();
  41          void main()
  42          {
  43   1        UartInit();
  44   1        while(1)
  45   1       {
  46   2        Delay1000ms();
  47   2       S3BUF=0x55;    //01010101
  48   2       while(!(S3CON&S3TI));    //00000010
  49   2       S3CON =S3CON & ~S3TI; 
  50   2       }
  51   1      }
  52          void UartInit(void)
  53          {
  54   1        S3CON = 0x10;   
C51 COMPILER V9.54   BLUETOOTH_U7                                                          11/22/2015 12:42:19 PAGE 2   

  55   1        S3CON &= 0xBF;    
  56   1        AUXR &= 0xFB;   
  57   1        T2L = 0xD0;   
  58   1        T2H = 0xFF;   
  59   1        AUXR |= 0x10;   
  60   1      }
  61          void Delay1000ms()    //@22.1184MHz
  62          {
  63   1        unsigned char i, j, k;
  64   1      
  65   1        _nop_();
  66   1        _nop_();
  67   1        i = 85;
  68   1        j = 12;
  69   1        k = 155;
  70   1        do
  71   1        {
  72   2          do
  73   2          {
  74   3            while (--k);
  75   3          } while (--j);
  76   2        } while (--i);
  77   1      }
  78          
  79          
  80          
  81          
  82          
  83          
  84          


MODULE INFORMATION:   STATIC OVERLAYABLE
   CODE SIZE        =     53    ----
   CONSTANT SIZE    =   ----    ----
   XDATA SIZE       =   ----    ----
   PDATA SIZE       =   ----    ----
   DATA SIZE        =   ----    ----
   IDATA SIZE       =   ----    ----
   BIT SIZE         =      1    ----
END OF MODULE INFORMATION.


C51 COMPILATION COMPLETE.  0 WARNING(S),  0 ERROR(S)
